<?xml version="1.0" encoding="UTF-8"?>
<!-- Generated by org.testng.reporters.JUnitReportReporter -->
<testsuite hostname="DESKTOP-VG47FDA" failures="0" tests="3" name="com.TestNG_OHRMvalid_Invalid.Testng_OHRM_AddEmployee" time="19.132" errors="0" timestamp="2023-11-20T09:47:04 IST" skipped="0">
  <testcase classname="com.TestNG_OHRMvalid_Invalid.Testng_OHRM_AddEmployee" name="AddEmployee" time="4.123"/>
  <system-out/>
  <testcase classname="com.TestNG_OHRMvalid_Invalid.Testng_OHRM_AddEmployee" name="WelcomeAdmin" time="0.923"/>
  <system-out/>
  <testcase classname="com.TestNG_OHRMvalid_Invalid.Testng_OHRM_AddEmployee" name="PIM" time="14.086"/>
  <system-out/>
</testsuite> <!-- com.TestNG_OHRMvalid_Invalid.Testng_OHRM_AddEmployee -->
