<?xml version="1.0" encoding="UTF-8"?>
<!-- Generated by org.testng.reporters.JUnitReportReporter -->
<testsuite hostname="DESKTOP-VG47FDA" failures="0" tests="3" name="com.TestNG_OHRMvalid_Invalid.OHRMAddEmployeePhotograph" time="8.963" errors="0" timestamp="2023-11-26T19:21:07 IST" skipped="0">
  <testcase classname="com.TestNG_OHRMvalid_Invalid.OHRMAddEmployeePhotograph" name="Login" time="2.412"/>
  <system-out/>
  <testcase classname="com.TestNG_OHRMvalid_Invalid.OHRMAddEmployeePhotograph" name="PIM" time="4.538"/>
  <system-out/>
  <testcase classname="com.TestNG_OHRMvalid_Invalid.OHRMAddEmployeePhotograph" name="AddEmployee" time="2.013"/>
  <system-out/>
</testsuite> <!-- com.TestNG_OHRMvalid_Invalid.OHRMAddEmployeePhotograph -->
