<?xml version="1.0" encoding="UTF-8"?>
<!-- Generated by org.testng.reporters.JUnitReportReporter -->
<testsuite hostname="DESKTOP-VG47FDA" failures="0" tests="2" name="com.Testng.Testng2" time="0.016" errors="0" timestamp="2023-11-15T10:31:47 IST" skipped="0">
  <testcase classname="com.Testng.Testng2" name="setup" time="0.014"/>
  <system-out/>
  <testcase classname="com.Testng.Testng2" name="testing" time="0.002"/>
  <system-out/>
</testsuite> <!-- com.Testng.Testng2 -->
