<?xml version="1.0" encoding="UTF-8"?>
<!-- Generated by org.testng.reporters.JUnitReportReporter -->
<testsuite hostname="DESKTOP-VG47FDA" failures="0" tests="1" name="Gherkin_Keywords.Api_Methods" time="4.867" errors="0" timestamp="2023-11-24T15:16:53 IST" skipped="0">
  <testcase classname="Gherkin_Keywords.Api_Methods" name="postRequest" time="4.867"/>
  <system-out/>
</testsuite> <!-- Gherkin_Keywords.Api_Methods -->
