<?xml version="1.0" encoding="UTF-8"?>
<!-- Generated by org.testng.reporters.JUnitReportReporter -->
<testsuite hostname="DESKTOP-VG47FDA" failures="0" tests="1" name="DataDrivenTest.DataDrivenwithjson" time="2.751" errors="0" timestamp="2023-11-27T10:53:01 IST" skipped="0">
  <testcase classname="DataDrivenTest.DataDrivenwithjson" name="sendpostRequest" time="2.751"/>
  <system-out/>
</testsuite> <!-- DataDrivenTest.DataDrivenwithjson -->
