<?xml version="1.0" encoding="UTF-8"?>
<!-- Generated by org.testng.reporters.JUnitReportReporter -->
<testsuite hostname="DESKTOP-VG47FDA" failures="0" tests="1" name="day1.RestAssuredRequests" time="4.151" errors="0" timestamp="2023-11-23T10:28:33 IST" skipped="0">
  <testcase classname="day1.RestAssuredRequests" name="createResource" time="4.151"/>
  <system-out/>
</testsuite> <!-- day1.RestAssuredRequests -->
