<?xml version="1.0" encoding="UTF-8"?>
<!-- Generated by org.testng.reporters.JUnitReportReporter -->
<testsuite hostname="DESKTOP-VG47FDA" failures="0" tests="1" name="com.rediff.rediff" time="7.944" errors="0" timestamp="2023-11-29T11:08:40 IST" skipped="0">
  <testcase classname="com.rediff.rediff" name="setup" time="7.944"/>
  <system-out/>
</testsuite> <!-- com.rediff.rediff -->
