<?xml version="1.0" encoding="UTF-8"?>
<!-- Generated by org.testng.reporters.JUnitReportReporter -->
<testsuite hostname="DESKTOP-VG47FDA" failures="0" tests="3" name="com.OrangeHRMApplicationTestCases.OrangeHRMLoginPageTest" time="5.284" errors="0" timestamp="2023-12-01T18:38:24 IST" skipped="0">
  <testcase classname="com.OrangeHRMApplicationTestCases.OrangeHRMLoginPageTest" name="ValidatingLoginPanelTextTest" time="0.125"/>
  <system-out/>
  <testcase classname="com.OrangeHRMApplicationTestCases.OrangeHRMLoginPageTest" name="validatingOrangeHRMApplicationLoginPageLogoTest" time="0.091"/>
  <system-out/>
  <testcase classname="com.OrangeHRMApplicationTestCases.OrangeHRMLoginPageTest" name="validatingLoginFunctionalityTest" time="5.068"/>
  <system-out/>
</testsuite> <!-- com.OrangeHRMApplicationTestCases.OrangeHRMLoginPageTest -->
